<?xml version="1.0" encoding="UTF-8"?>
<testng-results skipped="0" failed="0" total="1" passed="1">
  <reporter-output>
  </reporter-output>
  <suite name="Default suite" duration-ms="111106" started-at="2021-06-28T02:34:04Z" finished-at="2021-06-28T02:35:55Z">
    <groups>
    </groups>
    <test name="Default test" duration-ms="111106" started-at="2021-06-28T02:34:04Z" finished-at="2021-06-28T02:35:55Z">
      <class name="src_Appium.Calculator">
        <test-method status="PASS" signature="setUp()[pri:0, instance:src_Appium.Calculator@cbc42f]" name="setUp" duration-ms="111083" started-at="2021-06-28T12:34:04Z" finished-at="2021-06-28T12:35:55Z">
          <reporter-output>
          </reporter-output>
        </test-method> <!-- setUp -->
      </class> <!-- src_Appium.Calculator -->
    </test> <!-- Default test -->
  </suite> <!-- Default suite -->
</testng-results>
